<?xml version="1.0" encoding="UTF-8"?>
<testsuite xmlns:xsi="http://www.w3.org/2001/XMLSchema-instance" xsi:noNamespaceSchemaLocation="https://maven.apache.org/surefire/maven-surefire-plugin/xsd/surefire-test-report-3.0.xsd" version="3.0" name="org.example.TriangleTest" time="0.279" tests="14" errors="0" skipped="0" failures="0">
  <properties>
[...]
</properties>
  <testcase name="regularHeronTriangleTest" classname="org.example.TriangleTest" time="0.031">
    <system-out><![CDATA[20:41:25,863 |-INFO in ch.qos.logback.classic.LoggerContext[default] - Could NOT find resource [logback-test.xml]
20:41:25,863 |-INFO in ch.qos.logback.classic.LoggerContext[default] - Could NOT find resource [logback.groovy]
20:41:25,863 |-INFO in ch.qos.logback.classic.LoggerContext[default] - Found resource [logback.xml] at [file:/D:/Users/Pavel/IdeaProjects/PVG_Java_Front_HW4/target/test-classes/logback.xml]
20:41:25,939 |-INFO in ch.qos.logback.classic.joran.action.ConfigurationAction - debug attribute not set
20:41:25,939 |-INFO in ch.qos.logback.core.joran.action.AppenderAction - About to instantiate appender of type [ch.qos.logback.core.ConsoleAppender]
20:41:25,945 |-INFO in ch.qos.logback.core.joran.action.AppenderAction - Naming appender as [CONSOLE]
20:41:25,966 |-WARN in ch.qos.logback.core.ConsoleAppender[CONSOLE] - This appender no longer admits a layout as a sub-component, set an encoder instead.
20:41:25,966 |-WARN in ch.qos.logback.core.ConsoleAppender[CONSOLE] - To ensure compatibility, wrapping your layout in LayoutWrappingEncoder.
20:41:25,966 |-WARN in ch.qos.logback.core.ConsoleAppender[CONSOLE] - See also http://logback.qos.ch/codes.html#layoutInsteadOfEncoder for details
20:41:25,966 |-INFO in ch.qos.logback.classic.joran.action.RootLoggerAction - Setting level of ROOT logger to DEBUG
20:41:25,967 |-INFO in ch.qos.logback.core.joran.action.AppenderRefAction - Attaching appender named [CONSOLE] to Logger[ROOT]
20:41:25,967 |-INFO in ch.qos.logback.classic.joran.action.ConfigurationAction - End of configuration.
20:41:25,967 |-INFO in ch.qos.logback.classic.joran.JoranConfigurator@64ec96c6 - Registering current configuration as safe fallback point

20:41:25.991 [main] INFO  org.example.TriangleTest - Позитивный тест. Разносторонний треугольника Герона со сторонами: 9, 10, 17
]]></system-out>
  </testcase>
  <testcase name="impossibleTriangleTest(int, int, int)[1]" classname="org.example.TriangleTest" time="0.02">
    <system-out><![CDATA[20:41:26.054 [main] INFO  org.example.TriangleTest - Негативный тест. Треугольник с невозможным сочетанием сторон: 5, 6, 11
]]></system-out>
  </testcase>
  <testcase name="impossibleTriangleTest(int, int, int)[2]" classname="org.example.TriangleTest" time="0.001">
    <system-out><![CDATA[20:41:26.059 [main] INFO  org.example.TriangleTest - Негативный тест. Треугольник с невозможным сочетанием сторон: 4, 5, 10
]]></system-out>
  </testcase>
  <testcase name="impossibleTriangleTest(int, int, int)[3]" classname="org.example.TriangleTest" time="0.001">
    <system-out><![CDATA[20:41:26.062 [main] INFO  org.example.TriangleTest - Негативный тест. Треугольник с невозможным сочетанием сторон: 3, 4, 8
]]></system-out>
  </testcase>
  <testcase name="rightHeronTriangleTest" classname="org.example.TriangleTest" time="0.001">
    <system-out><![CDATA[20:41:26.064 [main] INFO  org.example.TriangleTest - Позитивный тест. Прямоугольный треугольник Герона со сторонами: 3, 4, 5
]]></system-out>
  </testcase>
  <testcase name="isoscelesHeronTriangleTest" classname="org.example.TriangleTest" time="0.001">
    <system-out><![CDATA[20:41:26.065 [main] INFO  org.example.TriangleTest - Позитивный тест. Равнобедренный треугольник Герона со сторонами: 5, 5, 8
]]></system-out>
  </testcase>
  <testcase name="zeroSideTriangleTest" classname="org.example.TriangleTest" time="0.001">
    <system-out><![CDATA[20:41:26.070 [main] INFO  org.example.TriangleTest - Негативный тест. Треугольник с нулевой стороной: 0, 4 ,7
]]></system-out>
  </testcase>
  <testcase name="zeroSideTriangleTest" classname="org.example.TriangleTest" time="0">
    <system-out><![CDATA[20:41:26.072 [main] INFO  org.example.TriangleTest - Негативный тест. Треугольник с нулевой стороной: 0, 4 ,7
]]></system-out>
  </testcase>
  <testcase name="zeroSideTriangleTest" classname="org.example.TriangleTest" time="0.001">
    <system-out><![CDATA[20:41:26.074 [main] INFO  org.example.TriangleTest - Негативный тест. Треугольник с нулевой стороной: 0, 4 ,7
]]></system-out>
  </testcase>
  <testcase name="regularTriangleTest" classname="org.example.TriangleTest" time="0.001">
    <system-out><![CDATA[20:41:26.075 [main] INFO  org.example.TriangleTest - Позитивный тест. Обычный треугольник со сторонами: 19, 4, 16
]]></system-out>
  </testcase>
  <testcase name="equilateralTriangleTest" classname="org.example.TriangleTest" time="0.001">
    <system-out><![CDATA[20:41:26.076 [main] INFO  org.example.TriangleTest - Позитивный тест. Равносторонний треугольник со сторонами: 6, 6, 6
]]></system-out>
  </testcase>
  <testcase name="negativeSideTriangleTest(int)[1]" classname="org.example.TriangleTest" time="0.003">
    <system-out><![CDATA[20:41:26.081 [main] INFO  org.example.TriangleTest - Негативный тест. Треугольник с отрицательной стороной: -13, 4 , 5
]]></system-out>
  </testcase>
  <testcase name="negativeSideTriangleTest(int)[2]" classname="org.example.TriangleTest" time="0">
    <system-out><![CDATA[20:41:26.084 [main] INFO  org.example.TriangleTest - Негативный тест. Треугольник с отрицательной стороной: -1024, 4 , 5
]]></system-out>
  </testcase>
  <testcase name="negativeSideTriangleTest(int)[3]" classname="org.example.TriangleTest" time="0.002">
    <system-out><![CDATA[20:41:26.086 [main] INFO  org.example.TriangleTest - Негативный тест. Треугольник с отрицательной стороной: -256, 4 , 5
]]></system-out>
  </testcase>
</testsuite>